[1/30] Running: weather_sf (easy)... F1=1.00 | 478ms | on-device
[2/30] Running: alarm_10am (easy)... F1=0.00 | 541ms | on-device
[3/30] Running: message_alice (easy)... F1=1.00 | 585ms | on-device
[4/30] Running: weather_london (easy)... F1=0.00 | 561ms | on-device
[5/30] Running: alarm_6am (easy)... F1=0.00 | 893ms | on-device
[6/30] Running: play_bohemian (easy)... F1=0.00 | 491ms | on-device
[7/30] Running: timer_5min (easy)... F1=0.00 | 385ms | on-device
[8/30] Running: reminder_meeting (easy)... F1=0.00 | 331ms | on-device
[9/30] Running: search_bob (easy)... F1=0.00 | 532ms | on-device
[10/30] Running: weather_paris (easy)... F1=1.00 | 464ms | on-device
[11/30] Running: message_among_three (medium)... F1=0.00 | 715ms | on-device
[12/30] Running: weather_among_two (medium)... F1=1.00 | 560ms | on-device
[13/30] Running: alarm_among_three (medium)... F1=0.00 | 706ms | on-device
[14/30] Running: music_among_three (medium)... F1=0.00 | 704ms | on-device
[15/30] Running: reminder_among_four (medium)... F1=0.00 | 1117ms | on-device
[16/30] Running: timer_among_three (medium)... F1=1.00 | 612ms | on-device
[17/30] Running: search_among_four (medium)... F1=0.00 | 828ms | on-device
[18/30] Running: weather_among_four (medium)... F1=1.00 | 582ms | on-device
[19/30] Running: message_among_four (medium)... F1=0.00 | 1512ms | on-device
[20/30] Running: alarm_among_five (medium)... F1=0.00 | 733ms | on-device
[21/30] Running: message_and_weather (hard)... F1=0.67 | 1367ms | on-device
[22/30] Running: alarm_and_weather (hard)... F1=0.67 | 1242ms | on-device
[23/30] Running: timer_and_music (hard)... F1=0.00 | 1613ms | on-device
[24/30] Running: reminder_and_message (hard)... F1=0.00 | 2485ms | on-device
[25/30] Running: search_and_message (hard)... F1=0.00 | 2022ms | on-device
[26/30] Running: alarm_and_reminder (hard)... F1=0.00 | 1594ms | on-device
[27/30] Running: weather_and_music (hard)... F1=0.67 | 1618ms | on-device
[28/30] Running: message_weather_alarm (hard)... F1=0.80 | 2496ms | on-device
[29/30] Running: timer_music_reminder (hard)... F1=0.40 | 1792ms | on-device
[30/30] Running: search_message_weather (hard)... F1=0.00 | 2783ms | on-device

=== Benchmark Results ===

   # | Difficulty | Name                         |  Time (ms) |    F1 | Source
  ---+------------+------------------------------+------------+-------+---------------------
   1 | easy       | weather_sf                   |     477.83 |  1.00 | on-device
   2 | easy       | alarm_10am                   |     541.33 |  0.00 | on-device
   3 | easy       | message_alice                |     584.68 |  1.00 | on-device
   4 | easy       | weather_london               |     561.08 |  0.00 | on-device
   5 | easy       | alarm_6am                    |     892.81 |  0.00 | on-device
   6 | easy       | play_bohemian                |     491.42 |  0.00 | on-device
   7 | easy       | timer_5min                   |     385.19 |  0.00 | on-device
   8 | easy       | reminder_meeting             |     331.10 |  0.00 | on-device
   9 | easy       | search_bob                   |     532.37 |  0.00 | on-device
  10 | easy       | weather_paris                |     464.15 |  1.00 | on-device
  11 | medium     | message_among_three          |     714.68 |  0.00 | on-device
  12 | medium     | weather_among_two            |     560.41 |  1.00 | on-device
  13 | medium     | alarm_among_three            |     705.98 |  0.00 | on-device
  14 | medium     | music_among_three            |     703.84 |  0.00 | on-device
  15 | medium     | reminder_among_four          |    1116.87 |  0.00 | on-device
  16 | medium     | timer_among_three            |     612.09 |  1.00 | on-device
  17 | medium     | search_among_four            |     827.70 |  0.00 | on-device
  18 | medium     | weather_among_four           |     582.40 |  1.00 | on-device
  19 | medium     | message_among_four           |    1511.86 |  0.00 | on-device
  20 | medium     | alarm_among_five             |     732.72 |  0.00 | on-device
  21 | hard       | message_and_weather          |    1367.40 |  0.67 | on-device
  22 | hard       | alarm_and_weather            |    1241.96 |  0.67 | on-device
  23 | hard       | timer_and_music              |    1612.76 |  0.00 | on-device
  24 | hard       | reminder_and_message         |    2484.92 |  0.00 | on-device
  25 | hard       | search_and_message           |    2022.49 |  0.00 | on-device
  26 | hard       | alarm_and_reminder           |    1593.83 |  0.00 | on-device
  27 | hard       | weather_and_music            |    1617.91 |  0.67 | on-device
  28 | hard       | message_weather_alarm        |    2495.57 |  0.80 | on-device
  29 | hard       | timer_music_reminder         |    1792.00 |  0.40 | on-device
  30 | hard       | search_message_weather       |    2783.40 |  0.00 | on-device

--- Summary ---
  easy     avg F1=0.30  avg time=526.19ms  on-device=10/10 cloud=0/10
  medium   avg F1=0.30  avg time=806.85ms  on-device=10/10 cloud=0/10
  hard     avg F1=0.32  avg time=1901.22ms  on-device=10/10 cloud=0/10
  overall  avg F1=0.31  avg time=1078.09ms  total time=32342.73ms
           on-device=30/30 (100%)  cloud=0/30 (0%)

==================================================
  TOTAL SCORE: 43.6%
==================================================
